     0
    20
     5
    13
     2
0.505860E+02
0.178925E+00
0.503870E-02
0.281536E-01
0.355861E+00
-.283720E-06
0.423961E+00
0.000000E+00
0.000000E+00
0.612744E-06
0.172808E-04
0.135894E-04
0.644921E-06
0.212952E-06
-.521744E-13
0.602964E-11
0.161158E-09
0.530573E-09
-.481710E-11
0.903448E-09
-.720477E-10
0.690081E-05
-.272662E-05
0.679942E-06
-.186071E-05
-.136687E-05
0.267982E-05
0.147353E-05
-.132852E-05
0.276193E-06
-.572168E-06
-.834053E-06
-.496333E-06
-.319308E-06
0.476418E-06
0.111328E-06
-.420153E-06
0.232651E-06
0.946283E-07
-.292933E-06
0.855594E-07
-.516659E-06
-.109218E-06
0.149209E-06
0.149292E-06
0.644189E-07
-.627798E-08
0.000000E+00
0.000000E+00
0.000000E+00
0.000000E+00
0.000000E+00
0.000000E+00
0.000000E+00
0.000000E+00
0.000000E+00
0.000000E+00
0.000000E+00
0.000000E+00
0.000000E+00
0.000000E+00
0.000000E+00
0.000000E+00
0.000000E+00
0.000000E+00
0.000000E+00
0.000000E+00
0.000000E+00
0.000000E+00
0.000000E+00
0.000000E+00
0.000000E+00
0.000000E+00
0.178620E+00
0.113270E-01
0.633295E-01
0.407958E+00
-.219728E-06
0.423444E+00
0.357628E-06
-.573152E-07
0.594365E-06
0.150962E-04
0.145084E-04
0.645012E-06
0.334071E-06
-.355825E-13
0.163637E-10
0.542884E-09
0.130009E-08
0.826571E-09
0.161733E-08
0.362060E-09
0.594673E-05
-.251680E-05
0.730266E-06
-.160098E-05
-.115995E-05
0.227062E-05
0.129562E-05
-.115147E-05
0.165477E-06
-.502716E-06
-.753942E-06
-.529007E-06
-.284855E-06
0.517851E-06
0.185768E-06
-.326486E-06
0.251788E-06
0.506510E-07
-.305387E-06
0.489037E-07
-.517670E-06
-.113523E-06
0.146261E-06
0.170703E-06
0.922199E-07
-.432662E-07
0.000000E+00
0.000000E+00
0.000000E+00
0.000000E+00
0.000000E+00
0.000000E+00
0.000000E+00
0.000000E+00
0.000000E+00
0.000000E+00
0.000000E+00
0.000000E+00
0.000000E+00
0.000000E+00
0.000000E+00
0.000000E+00
0.000000E+00
0.000000E+00
0.000000E+00
0.000000E+00
0.000000E+00
0.000000E+00
0.000000E+00
0.000000E+00
0.000000E+00
0.000000E+00
