     4
    50
0.647357E-06
0.362906E-05
0.624522E-05
0.619707E-05
0.381779E-05
0.859410E-06
-.100486E-05
-.142869E-05
-.190814E-05
-.197263E-05
0.114997E-05
0.613508E-05
0.698772E-05
0.125836E-05
-.657895E-05
-.128126E-04
-.189822E-04
-.255238E-04
-.292736E-04
-.292915E-04
-.286100E-04
-.296414E-04
-.307871E-04
-.293077E-04
-.253652E-04
-.204838E-04
-.160475E-04
-.136760E-04
-.136069E-04
-.154984E-04
-.198508E-04
-.243331E-04
-.250919E-04
-.243643E-04
-.267526E-04
-.298607E-04
-.285720E-04
-.233447E-04
-.180204E-04
-.150714E-04
-.144980E-04
-.135969E-04
-.103960E-04
-.706831E-05
-.566704E-05
-.486476E-05
-.342593E-05
-.178191E-05
-.545720E-06
-.294980E-06
0.200839E-05
0.403184E-05
0.661112E-05
0.889197E-05
0.100129E-04
0.126650E-04
0.160624E-04
0.180182E-04
0.189468E-04
0.206789E-04
0.205029E-04
0.209955E-04
0.214619E-04
0.207298E-04
0.199664E-04
0.202283E-04
0.198764E-04
0.203301E-04
0.211917E-04
0.210256E-04
0.209211E-04
0.219132E-04
0.218886E-04
0.210332E-04
0.200969E-04
0.191404E-04
0.184977E-04
0.191058E-04
0.203227E-04
0.204708E-04
0.189473E-04
0.186699E-04
0.189923E-04
0.193484E-04
0.197803E-04
0.205065E-04
0.203463E-04
0.196938E-04
0.195156E-04
0.182846E-04
0.168774E-04
0.156270E-04
0.133260E-04
0.107351E-04
0.892807E-05
0.727373E-05
0.553320E-05
0.381123E-05
0.195513E-05
0.000000E+00
0.566395E-08
0.297915E-08
0.120311E-08
-.114388E-10
0.103048E-08
-.496587E-09
0.360432E-09
-.470876E-09
-.913458E-09
0.748936E-09
0.174944E-08
0.129494E-08
0.604300E-09
-.759685E-09
-.949257E-09
-.676648E-10
-.744280E-09
0.146109E-08
0.159727E-08
0.125177E-08
-.604823E-09
-.103030E-09
0.718284E-09
-.125348E-08
-.963918E-09
0.675979E-09
0.445578E-09
-.942732E-09
-.119020E-09
0.178484E-08
0.163463E-08
0.631149E-09
-.393868E-09
0.162690E-08
0.163282E-08
0.153872E-08
-.273085E-09
0.491087E-09
0.551687E-09
0.186578E-08
-.135592E-08
0.999937E-09
0.496535E-11
0.392105E-09
-.269416E-09
-.567119E-09
0.499641E-09
-.224599E-09
0.780810E-09
-.190174E-09
0.606289E-06
0.332906E-05
0.567339E-05
0.559196E-05
0.352593E-05
0.116487E-05
-.368594E-06
-.111667E-05
-.211289E-05
-.256925E-05
0.292242E-06
0.553016E-05
0.694991E-05
0.128230E-05
-.647477E-05
-.115706E-04
-.162833E-04
-.219962E-04
-.251493E-04
-.247184E-04
-.241786E-04
-.256014E-04
-.268071E-04
-.252593E-04
-.216196E-04
-.173844E-04
-.135555E-04
-.115126E-04
-.116280E-04
-.137130E-04
-.179231E-04
-.218922E-04
-.223328E-04
-.214285E-04
-.233676E-04
-.261212E-04
-.251364E-04
-.206843E-04
-.161652E-04
-.138974E-04
-.136860E-04
-.127188E-04
-.940510E-05
-.625036E-05
-.513466E-05
-.455844E-05
-.329336E-05
-.173333E-05
-.517737E-06
-.271298E-06
0.204780E-05
0.412499E-05
0.676394E-05
0.885021E-05
0.986393E-05
0.125569E-04
0.159069E-04
0.181870E-04
0.189950E-04
0.203994E-04
0.203522E-04
0.210745E-04
0.215011E-04
0.204448E-04
0.197182E-04
0.205326E-04
0.206914E-04
0.215510E-04
0.230352E-04
0.233764E-04
0.229520E-04
0.232565E-04
0.232658E-04
0.224157E-04
0.212527E-04
0.202364E-04
0.194647E-04
0.199091E-04
0.208694E-04
0.211845E-04
0.199545E-04
0.198209E-04
0.204847E-04
0.214325E-04
0.220498E-04
0.225389E-04
0.219640E-04
0.210077E-04
0.202975E-04
0.185957E-04
0.171271E-04
0.158926E-04
0.135450E-04
0.108034E-04
0.893788E-05
0.729276E-05
0.552484E-05
0.380367E-05
0.196501E-05
0.000000E+00
0.360686E-08
0.655020E-08
0.273314E-08
-.239016E-08
0.183937E-09
0.108497E-08
0.176144E-09
0.846349E-09
-.577493E-09
0.658044E-09
0.355288E-08
0.172433E-08
0.848848E-09
0.114049E-08
-.817709E-09
0.767857E-09
0.227288E-09
0.913958E-09
0.297926E-08
0.217180E-08
0.990851E-09
0.998389E-09
0.184249E-08
-.223766E-09
-.309145E-09
0.840707E-09
0.978737E-09
0.721749E-10
0.705007E-09
0.228238E-08
0.258425E-08
0.921209E-09
0.114017E-09
0.222295E-08
0.261809E-08
0.207068E-08
0.169388E-09
0.189983E-08
0.141962E-08
0.256477E-08
-.701205E-09
0.158706E-08
0.314279E-09
0.159847E-08
-.781229E-09
-.150263E-09
-.691636E-09
0.350797E-09
0.163128E-08
-.374719E-09
